2020-12-23 17:12:03 - ----------------------------------------------------------------
NOT FOUND!
CODE: <td class="text-right"><?php echo $entry_weight; ?></td>;
FILE: admin/view/template/catalog/product_form.tpl
MOD: aridius_image_option_change
----------------------------------------------------------------
NOT FOUND!
CODE: $this->url->addRewrite($this, $lang_data);
FILE: catalog/controller/startup/seo_pro.php
MOD: OCFilter Modification
2020-12-23 17:41:54 - ----------------------------------------------------------------
NOT FOUND!
CODE: <td class="text-right"><?php echo $entry_weight; ?></td>;
FILE: admin/view/template/catalog/product_form.tpl
MOD: aridius_image_option_change
----------------------------------------------------------------
NOT FOUND!
CODE: $this->url->addRewrite($this, $lang_data);
FILE: catalog/controller/startup/seo_pro.php
MOD: OCFilter Modification
2020-12-23 18:46:32 - ----------------------------------------------------------------
NOT FOUND!
CODE: <td class="text-right"><?php echo $entry_weight; ?></td>;
FILE: admin/view/template/catalog/product_form.tpl
MOD: aridius_image_option_change
----------------------------------------------------------------
NOT FOUND!
CODE: $this->url->addRewrite($this, $lang_data);
FILE: catalog/controller/startup/seo_pro.php
MOD: OCFilter Modification
2020-12-23 19:18:33 - ----------------------------------------------------------------
NOT FOUND!
CODE: <td class="text-right"><?php echo $entry_weight; ?></td>;
FILE: admin/view/template/catalog/product_form.tpl
MOD: aridius_image_option_change
----------------------------------------------------------------
NOT FOUND!
CODE: $this->url->addRewrite($this, $lang_data);
FILE: catalog/controller/startup/seo_pro.php
MOD: OCFilter Modification
2021-07-29 9:20:10 - ----------------------------------------------------------------
NOT FOUND!
CODE: <td class="text-right"><?php echo $entry_weight; ?></td>;
FILE: admin/view/template/catalog/product_form.tpl
MOD: aridius_image_option_change
----------------------------------------------------------------
NOT FOUND!
CODE: $this->url->addRewrite($this, $lang_data);
FILE: catalog/controller/startup/seo_pro.php
MOD: OCFilter Modification
2021-07-29 9:20:37 - ----------------------------------------------------------------
NOT FOUND!
CODE: <td class="text-right"><?php echo $entry_weight; ?></td>;
FILE: admin/view/template/catalog/product_form.tpl
MOD: aridius_image_option_change
----------------------------------------------------------------
NOT FOUND!
CODE: $this->url->addRewrite($this, $lang_data);
FILE: catalog/controller/startup/seo_pro.php
MOD: OCFilter Modification
2021-07-29 14:33:39 - ----------------------------------------------------------------
NOT FOUND!
CODE: <td class="text-right"><?php echo $entry_weight; ?></td>;
FILE: admin/view/template/catalog/product_form.tpl
MOD: aridius_image_option_change
----------------------------------------------------------------
NOT FOUND!
CODE: $this->url->addRewrite($this, $lang_data);
FILE: catalog/controller/startup/seo_pro.php
MOD: OCFilter Modification
2021-07-29 14:36:42 - ----------------------------------------------------------------
NOT FOUND!
CODE: <td class="text-right"><?php echo $entry_weight; ?></td>;
FILE: admin/view/template/catalog/product_form.tpl
MOD: aridius_image_option_change
----------------------------------------------------------------
NOT FOUND!
CODE: $this->url->addRewrite($this, $lang_data);
FILE: catalog/controller/startup/seo_pro.php
MOD: OCFilter Modification
2021-07-30 7:00:50 - ----------------------------------------------------------------
NOT FOUND!
CODE: <td class="text-right"><?php echo $entry_weight; ?></td>;
FILE: admin/view/template/catalog/product_form.tpl
MOD: aridius_image_option_change
----------------------------------------------------------------
NOT FOUND!
CODE: $this->url->addRewrite($this, $lang_data);
FILE: catalog/controller/startup/seo_pro.php
MOD: OCFilter Modification
2021-07-30 10:39:00 - ----------------------------------------------------------------
NOT FOUND!
CODE: <td class="text-right"><?php echo $entry_weight; ?></td>;
FILE: admin/view/template/catalog/product_form.tpl
MOD: aridius_image_option_change
----------------------------------------------------------------
NOT FOUND!
CODE: $this->url->addRewrite($this, $lang_data);
FILE: catalog/controller/startup/seo_pro.php
MOD: OCFilter Modification
2021-07-30 13:47:49 - ----------------------------------------------------------------
NOT FOUND!
CODE: <td class="text-right"><?php echo $entry_weight; ?></td>;
FILE: admin/view/template/catalog/product_form.tpl
MOD: aridius_image_option_change
----------------------------------------------------------------
NOT FOUND!
CODE: $this->url->addRewrite($this, $lang_data);
FILE: catalog/controller/startup/seo_pro.php
MOD: OCFilter Modification
2021-07-31 6:25:30 - ----------------------------------------------------------------
NOT FOUND!
CODE: <td class="text-right"><?php echo $entry_weight; ?></td>;
FILE: admin/view/template/catalog/product_form.tpl
MOD: aridius_image_option_change
----------------------------------------------------------------
NOT FOUND!
CODE: $this->url->addRewrite($this, $lang_data);
FILE: catalog/controller/startup/seo_pro.php
MOD: OCFilter Modification
2021-08-03 6:28:42 - ----------------------------------------------------------------
NOT FOUND!
CODE: <td class="text-right"><?php echo $entry_weight; ?></td>;
FILE: admin/view/template/catalog/product_form.tpl
MOD: aridius_image_option_change
----------------------------------------------------------------
NOT FOUND!
CODE: $this->url->addRewrite($this, $lang_data);
FILE: catalog/controller/startup/seo_pro.php
MOD: OCFilter Modification
2021-08-03 6:28:59 - ----------------------------------------------------------------
NOT FOUND!
CODE: <td class="text-right"><?php echo $entry_weight; ?></td>;
FILE: admin/view/template/catalog/product_form.tpl
MOD: aridius_image_option_change
----------------------------------------------------------------
NOT FOUND!
CODE: $this->url->addRewrite($this, $lang_data);
FILE: catalog/controller/startup/seo_pro.php
MOD: OCFilter Modification
2021-08-03 6:29:38 - ----------------------------------------------------------------
NOT FOUND!
CODE: <td class="text-right"><?php echo $entry_weight; ?></td>;
FILE: admin/view/template/catalog/product_form.tpl
MOD: aridius_image_option_change
----------------------------------------------------------------
NOT FOUND!
CODE: $this->url->addRewrite($this, $lang_data);
FILE: catalog/controller/startup/seo_pro.php
MOD: OCFilter Modification
2021-08-03 6:30:35 - ----------------------------------------------------------------
NOT FOUND!
CODE: <td class="text-right"><?php echo $entry_weight; ?></td>;
FILE: admin/view/template/catalog/product_form.tpl
MOD: aridius_image_option_change
----------------------------------------------------------------
NOT FOUND!
CODE: $this->url->addRewrite($this, $lang_data);
FILE: catalog/controller/startup/seo_pro.php
MOD: OCFilter Modification
2021-08-03 6:30:42 - ----------------------------------------------------------------
NOT FOUND!
CODE: <td class="text-right"><?php echo $entry_weight; ?></td>;
FILE: admin/view/template/catalog/product_form.tpl
MOD: aridius_image_option_change
----------------------------------------------------------------
NOT FOUND!
CODE: $this->url->addRewrite($this, $lang_data);
FILE: catalog/controller/startup/seo_pro.php
MOD: OCFilter Modification
2021-08-03 6:30:51 - ----------------------------------------------------------------
NOT FOUND!
CODE: <td class="text-right"><?php echo $entry_weight; ?></td>;
FILE: admin/view/template/catalog/product_form.tpl
MOD: aridius_image_option_change
----------------------------------------------------------------
NOT FOUND!
CODE: $this->url->addRewrite($this, $lang_data);
FILE: catalog/controller/startup/seo_pro.php
MOD: OCFilter Modification
2021-08-03 6:30:57 - ----------------------------------------------------------------
NOT FOUND!
CODE: <td class="text-right"><?php echo $entry_weight; ?></td>;
FILE: admin/view/template/catalog/product_form.tpl
MOD: aridius_image_option_change
----------------------------------------------------------------
NOT FOUND!
CODE: $this->url->addRewrite($this, $lang_data);
FILE: catalog/controller/startup/seo_pro.php
MOD: OCFilter Modification
2021-08-03 6:32:02 - ----------------------------------------------------------------
NOT FOUND!
CODE: <td class="text-right"><?php echo $entry_weight; ?></td>;
FILE: admin/view/template/catalog/product_form.tpl
MOD: aridius_image_option_change
----------------------------------------------------------------
NOT FOUND!
CODE: $this->url->addRewrite($this, $lang_data);
FILE: catalog/controller/startup/seo_pro.php
MOD: OCFilter Modification
2021-08-03 6:36:36 - ----------------------------------------------------------------
NOT FOUND!
CODE: <td class="text-right"><?php echo $entry_weight; ?></td>;
FILE: admin/view/template/catalog/product_form.tpl
MOD: aridius_image_option_change
----------------------------------------------------------------
NOT FOUND!
CODE: $this->url->addRewrite($this, $lang_data);
FILE: catalog/controller/startup/seo_pro.php
MOD: OCFilter Modification
2021-08-03 6:39:08 - ----------------------------------------------------------------
NOT FOUND!
CODE: <td class="text-right"><?php echo $entry_weight; ?></td>;
FILE: admin/view/template/catalog/product_form.tpl
MOD: aridius_image_option_change
----------------------------------------------------------------
NOT FOUND!
CODE: $this->url->addRewrite($this, $lang_data);
FILE: catalog/controller/startup/seo_pro.php
MOD: OCFilter Modification
2021-08-03 6:45:13 - ----------------------------------------------------------------
NOT FOUND!
CODE: <td class="text-right"><?php echo $entry_weight; ?></td>;
FILE: admin/view/template/catalog/product_form.tpl
MOD: aridius_image_option_change
----------------------------------------------------------------
NOT FOUND!
CODE: $this->url->addRewrite($this, $lang_data);
FILE: catalog/controller/startup/seo_pro.php
MOD: OCFilter Modification
