[2020-11-19 09:06:17] [ordersCreate] Order already exists.
[2020-11-19 11:57:28] [ordersCreate] Order already exists.
[2020-11-20 11:01:09] [ordersCreate] Order already exists.
[2020-11-20 13:05:38] [ordersCreate] Order already exists.
[2020-11-20 22:38:58] [ordersCreate] Order already exists.
[2020-11-22 12:11:35] [ordersCreate] Order already exists.
[2020-11-22 13:31:24] [ordersCreate] Order already exists.
[2020-11-24 11:56:42] [ordersCreate] Order already exists.
[2020-11-24 11:56:44] [ordersCreate] Order already exists.
[2020-11-24 11:57:51] [ordersCreate] Order already exists.
[2020-11-24 11:58:21] [ordersCreate] Order already exists.
[2020-11-30 11:41:17] [ordersCreate] Order already exists.
[2020-11-30 12:09:12] [ordersCreate] Order already exists.
[2020-12-04 08:00:05] [ordersCreate] Order already exists.
[2020-12-04 19:45:46] [ordersCreate] Order already exists.
[2020-12-06 18:02:32] [ordersCreate] Order already exists.
[2020-12-06 18:07:20] [ordersCreate] Order already exists.
[2020-12-07 17:58:06] [ordersCreate] Order already exists.
[2020-12-09 05:31:51] [ordersCreate] Order already exists.
[2020-12-09 13:55:21] [customersCreate] Customer is not loaded
[2020-12-09 13:55:21] Invalid e-mail format
[2020-12-09 18:48:34] [ordersEdit] Order is not loaded
[2020-12-09 18:48:34] Cash payment sum must be equal to sum to pay in the order
[2020-12-09 18:51:34] [ordersCreate] Order already exists.
[2020-12-09 18:51:43] [ordersCreate] Order already exists.
[2020-12-12 17:23:36] [ordersCreate] Order already exists.
[2020-12-13 16:48:18] [ordersCreate] Order already exists.
[2020-12-16 06:09:48] [ordersCreate] Order already exists.
[2020-12-17 16:06:40] [ordersCreate] Order already exists.
[2020-12-19 07:53:11] [ordersCreate] Order already exists.
[2020-12-23 19:59:17] [ordersCreate] Order already exists.
[2020-12-28 20:50:11] [ordersCreate] Order is not loaded
[2020-12-28 20:50:11] This payment type is not supported for the type of delivery
[2020-12-28 20:50:47] [ordersCreate] Order is not loaded
[2020-12-28 20:50:47] This payment type is not supported for the type of delivery
[2020-12-28 20:51:02] [ordersEdit] Not found
[2020-12-31 08:54:20] [ordersCreate] Order is not loaded
[2020-12-31 08:54:20] This payment type is not supported for the type of delivery
[2020-12-31 08:54:21] [ordersEdit] Not found
[2021-01-03 11:42:08] [ordersCreate] Order is not loaded
[2021-01-03 11:42:08] This payment type is not supported for the type of delivery
[2021-01-05 20:23:24] [ordersCreate] Order is not loaded
[2021-01-05 20:23:24] This payment type is not supported for the type of delivery
[2021-01-05 20:24:41] [ordersCreate] Order is not loaded
[2021-01-05 20:24:41] This payment type is not supported for the type of delivery
[2021-01-05 20:24:48] [ordersCreate] Order is not loaded
[2021-01-05 20:24:48] This payment type is not supported for the type of delivery
[2021-01-05 20:25:25] [ordersCreate] Order is not loaded
[2021-01-05 20:25:25] This payment type is not supported for the type of delivery
[2021-01-05 20:28:23] [ordersCreate] Order is not loaded
[2021-01-05 20:28:23] This payment type is not supported for the type of delivery
[2021-01-05 20:28:54] [ordersCreate] Order is not loaded
[2021-01-05 20:28:54] This payment type is not supported for the type of delivery
[2021-01-05 20:28:55] [ordersEdit] Not found
[2021-01-06 14:15:36] [ordersCreate] Order is not loaded
[2021-01-06 14:15:36] This payment type is not supported for the type of delivery
[2021-01-06 14:15:56] [ordersEdit] Not found
[2021-01-07 12:35:24] [ordersCreate] Order is not loaded
[2021-01-07 12:35:24] This payment type is not supported for the type of delivery
[2021-01-07 17:56:29] [ordersCreate] Order already exists.
[2021-01-09 18:24:44] [ordersCreate] Order already exists.
[2021-01-12 09:16:57] [ordersCreate] Order already exists.
[2021-01-13 16:49:09] [ordersCreate] Order already exists.
[2021-01-13 16:49:11] [ordersCreate] Order already exists.
[2021-01-17 08:57:28] [ordersCreate] Order already exists.
[2021-01-23 11:36:11] [ordersCreate] Order already exists.
[2021-01-23 16:06:48] [ordersCreate] Order already exists.
[2021-01-23 16:08:24] [ordersCreate] Order already exists.
[2021-01-25 14:39:42] [ordersCreate] Order already exists.
[2021-01-26 18:54:11] [ordersCreate] Order already exists.
[2021-02-01 05:45:38] [ordersCreate] Order already exists.
[2021-02-01 08:12:16] [ordersCreate] Order already exists.
[2021-02-01 09:50:34] [ordersCreate] Order already exists.
[2021-02-05 10:24:53] [ordersCreate] Order already exists.
[2021-02-05 10:56:46] [ordersCreate] Order already exists.
[2021-02-05 18:35:44] [ordersCreate] Order already exists.
[2021-02-07 08:57:37] [ordersCreate] Order already exists.
[2021-02-07 08:58:24] [ordersCreate] Order already exists.
[2021-02-07 15:42:22] [ordersCreate] Order already exists.
[2021-02-10 13:41:23] [ordersCreate] Order already exists.
[2021-02-10 13:42:22] [ordersCreate] Order already exists.
[2021-02-14 10:50:32] [ordersCreate] Order already exists.
[2021-02-14 13:41:08] [ordersCreate] Order already exists.
[2021-02-23 11:55:50] [ordersCreate] Order already exists.
[2021-02-27 13:42:13] [ordersCreate] Order already exists.
[2021-02-27 15:10:20] [ordersCreate] Order already exists.
[2021-02-27 19:06:32] [ordersCreate] Order already exists.
[2021-02-28 07:17:28] [ordersCreate] Order already exists.
[2021-02-28 15:16:56] [ordersCreate] Order already exists.
[2021-02-28 15:17:00] [ordersCreate] Order already exists.
[2021-02-28 15:17:04] [ordersCreate] Order already exists.
[2021-02-28 15:17:07] [ordersCreate] Order already exists.
[2021-02-28 15:18:09] [ordersCreate] Order already exists.
[2021-03-01 15:57:15] [ordersCreate] Order already exists.
[2021-03-02 20:53:10] [ordersCreate] Order already exists.
[2021-03-02 20:53:12] [ordersCreate] Order already exists.
[2021-03-03 10:04:18] [ordersCreate] Order already exists.
[2021-03-04 06:10:07] [ordersCreate] Order already exists.
[2021-03-04 06:10:45] [ordersCreate] Order already exists.
[2021-03-04 20:36:38] [ordersCreate] Order already exists.
[2021-03-04 20:37:03] [ordersCreate] Order already exists.
[2021-03-11 12:57:36] [ordersCreate] Order already exists.
[2021-03-12 08:48:20] [ordersCreate] Order already exists.
[2021-03-13 10:28:00] [ordersCreate] Order already exists.
[2021-03-13 10:28:36] [ordersCreate] Order already exists.
[2021-03-15 13:19:19] [ordersCreate] Order already exists.
[2021-03-16 06:41:42] [ordersCreate] Order already exists.
[2021-03-16 06:41:58] [ordersCreate] Order already exists.
[2021-03-16 07:05:25] [ordersCreate] Order already exists.
[2021-03-16 07:06:16] [ordersCreate] Order already exists.
[2021-03-16 16:46:04] [ordersCreate] Order already exists.
[2021-03-16 18:53:18] [ordersCreate] Order already exists.
[2021-03-20 09:09:00] [ordersCreate] Order already exists.
[2021-03-20 09:10:19] [ordersCreate] Order already exists.
[2021-03-20 09:53:47] [ordersCreate] Order is not loaded
[2021-03-20 09:53:47] Payment type should be specified.
[2021-03-20 09:53:48] [ordersEdit] Not found
[2021-03-22 14:23:13] [ordersCreate] Order already exists.
[2021-03-22 14:23:31] [ordersCreate] Order already exists.
[2021-03-23 07:22:20] [ordersCreate] Order already exists.
[2021-03-23 07:22:39] [ordersCreate] Order already exists.
[2021-03-24 12:44:13] [ordersCreate] Order already exists.
[2021-03-24 12:44:58] [ordersCreate] Order already exists.
[2021-03-25 09:55:13] [ordersCreate] Order is not loaded
[2021-03-25 09:55:13] Payment type should be specified.
[2021-03-25 09:55:17] [ordersCreate] Order is not loaded
[2021-03-25 09:55:17] Payment type should be specified.
[2021-03-25 09:55:21] [ordersCreate] Order is not loaded
[2021-03-25 09:55:21] Payment type should be specified.
[2021-03-25 09:55:29] [ordersCreate] Order is not loaded
[2021-03-25 09:55:29] Payment type should be specified.
[2021-03-25 09:55:37] [ordersCreate] Order is not loaded
[2021-03-25 09:55:37] Payment type should be specified.
[2021-03-25 09:56:12] [ordersCreate] Order is not loaded
[2021-03-25 09:56:12] Payment type should be specified.
[2021-03-25 09:56:16] [ordersCreate] Order is not loaded
[2021-03-25 09:56:16] Payment type should be specified.
[2021-03-25 09:57:18] [ordersCreate] Order is not loaded
[2021-03-25 09:57:18] Payment type should be specified.
[2021-03-25 09:57:44] [ordersCreate] Order is not loaded
[2021-03-25 09:57:44] Payment type should be specified.
[2021-03-25 09:57:48] [ordersCreate] Order is not loaded
[2021-03-25 09:57:48] Payment type should be specified.
[2021-03-25 09:57:56] [ordersCreate] Order is not loaded
[2021-03-25 09:57:56] Payment type should be specified.
[2021-03-25 10:03:31] [ordersCreate] Order is not loaded
[2021-03-25 10:03:31] Payment type should be specified.
[2021-03-25 10:03:33] [ordersEdit] Not found
[2021-03-25 10:29:59] [ordersCreate] Order already exists.
[2021-03-25 10:30:27] [ordersCreate] Order already exists.
[2021-03-25 18:10:20] [ordersCreate] Order already exists.
[2021-03-25 18:11:32] [ordersCreate] Order already exists.
[2021-03-25 18:12:29] [ordersCreate] Order already exists.
[2021-03-25 18:12:33] [ordersCreate] Order already exists.
[2021-03-25 18:12:37] [ordersCreate] Order already exists.
[2021-03-25 18:12:41] [ordersCreate] Order already exists.
[2021-03-25 18:13:02] [ordersCreate] Order already exists.
[2021-03-25 18:19:09] [ordersCreate] Order already exists.
[2021-03-25 18:19:18] [ordersCreate] Order already exists.
[2021-03-25 18:19:26] [ordersCreate] Order already exists.
[2021-03-25 18:19:31] [ordersCreate] Order already exists.
[2021-03-26 09:58:11] [ordersCreate] Order already exists.
[2021-03-26 09:58:40] [ordersCreate] Order already exists.
[2021-03-26 10:01:48] [ordersCreate] Order already exists.
[2021-03-26 10:01:58] [ordersCreate] Order already exists.
[2021-03-26 13:52:23] [ordersCreate] Order already exists.
[2021-03-26 13:52:35] [ordersCreate] Order already exists.
[2021-03-28 10:35:14] [ordersCreate] Order already exists.
[2021-03-29 12:24:32] [ordersCreate] Order already exists.
[2021-03-29 15:18:35] [ordersCreate] Order already exists.
[2021-03-31 11:21:48] [ordersCreate] Order already exists.
[2021-04-01 18:34:46] [ordersCreate] Order already exists.
[2021-04-01 18:36:13] [ordersCreate] Order already exists.
[2021-04-02 08:48:01] [customersList] Failed connect to spez-gost2.retailcrm.ru:443; Operation now in progress
[2021-04-02 08:48:28] [customersList] Failed connect to spez-gost2.retailcrm.ru:443; Operation now in progress
[2021-04-02 08:49:33] [ordersCreate] Order already exists.
[2021-04-02 08:54:21] [ordersCreate] Order already exists.
[2021-04-02 09:06:23] [ordersCreate] Order already exists.
[2021-04-02 09:06:53] [ordersCreate] Order already exists.
[2021-04-02 09:11:03] [ordersCreate] Order already exists.
[2021-04-02 09:16:36] [ordersCreate] Order already exists.
[2021-04-02 11:52:40] [ordersCreate] Order already exists.
[2021-04-02 12:58:07] [ordersCreate] Order already exists.
[2021-04-03 19:48:51] [ordersCreate] Order already exists.
[2021-04-03 19:49:16] [ordersCreate] Order already exists.
[2021-04-03 22:48:23] [ordersCreate] Order already exists.
[2021-04-03 22:48:38] [ordersCreate] Order already exists.
[2021-04-04 05:37:59] [ordersCreate] Order already exists.
[2021-04-04 13:06:14] [ordersCreate] Order already exists.
[2021-04-04 17:34:45] [ordersCreate] Order already exists.
[2021-04-04 17:34:48] [ordersCreate] Order already exists.
[2021-04-04 17:35:25] [ordersCreate] Order already exists.
[2021-04-04 17:35:50] [ordersCreate] Order already exists.
[2021-04-04 17:37:33] [ordersCreate] Order already exists.
[2021-04-04 19:11:46] [customersCreate] Customer is not loaded
[2021-04-04 19:11:46] Invalid e-mail format
[2021-04-04 19:11:46] [ordersCreate] Order is not loaded
[2021-04-04 19:11:46] Invalid e-mail format
[2021-04-04 19:11:51] [customersCreate] Customer is not loaded
[2021-04-04 19:11:51] Invalid e-mail format
[2021-04-04 19:11:51] [ordersEdit] Not found
[2021-04-04 20:58:13] [ordersCreate] Order already exists.
[2021-04-05 05:36:03] [customersCreate] Customer is not loaded
[2021-04-05 05:36:03] Invalid e-mail format
[2021-04-05 05:36:03] [ordersCreate] Order is not loaded
[2021-04-05 05:36:03] Invalid e-mail format
[2021-04-05 10:23:02] [ordersCreate] Order already exists.
[2021-04-05 15:02:59] [ordersCreate] Order already exists.
[2021-04-05 15:53:16] [ordersCreate] Order already exists.
[2021-04-05 18:22:24] [ordersCreate] Order already exists.
[2021-04-05 19:03:15] [ordersCreate] Order already exists.
[2021-04-05 19:03:50] [ordersCreate] Order already exists.
[2021-04-06 11:23:05] [ordersCreate] Order already exists.
[2021-04-07 09:29:26] [ordersCreate] Order already exists.
[2021-04-07 15:02:40] [ordersCreate] Order already exists.
[2021-04-08 07:58:05] [ordersCreate] Order already exists.
[2021-04-08 07:58:07] [ordersCreate] Order already exists.
[2021-04-08 07:58:11] [ordersCreate] Order already exists.
[2021-04-08 07:58:13] [ordersCreate] Order already exists.
[2021-04-08 07:58:15] [ordersCreate] Order already exists.
[2021-04-08 07:58:22] [ordersCreate] Order already exists.
[2021-04-08 07:59:00] [ordersCreate] Order already exists.
[2021-04-08 07:59:48] [ordersCreate] Order already exists.
[2021-04-08 18:52:53] [ordersCreate] Order already exists.
[2021-04-08 18:53:25] [ordersCreate] Order already exists.
[2021-04-08 18:53:43] [ordersCreate] Order already exists.
[2021-04-08 18:59:10] [ordersCreate] Order already exists.
[2021-04-08 18:59:39] [ordersCreate] Order already exists.
[2021-04-08 18:59:58] [ordersCreate] Order already exists.
[2021-04-09 12:06:21] [ordersCreate] Order already exists.
[2021-04-09 13:47:59] [ordersCreate] Order already exists.
[2021-04-09 16:54:28] [ordersCreate] Order already exists.
[2021-04-09 17:04:10] [ordersCreate] Order already exists.
[2021-04-09 20:53:37] [ordersCreate] Order already exists.
[2021-04-09 22:59:45] [ordersCreate] Order already exists.
[2021-04-10 08:28:40] [ordersCreate] Order already exists.
[2021-04-10 15:42:51] [ordersCreate] Order already exists.
[2021-04-11 15:35:27] [ordersCreate] Order already exists.
[2021-04-11 15:35:50] [ordersCreate] Order already exists.
[2021-04-12 07:24:47] [ordersCreate] Order already exists.
[2021-04-12 07:25:13] [ordersCreate] Order already exists.
[2021-04-12 09:51:19] [ordersCreate] Order already exists.
[2021-04-12 09:51:39] [ordersCreate] Order already exists.
[2021-04-14 06:05:54] [ordersCreate] Order already exists.
[2021-04-14 06:06:09] [ordersCreate] Order already exists.
[2021-04-14 06:19:20] [ordersCreate] Order already exists.
[2021-04-15 11:39:08] [ordersCreate] Order already exists.
[2021-04-16 20:43:29] [ordersCreate] Order already exists.
[2021-04-17 16:17:41] [ordersCreate] Order already exists.
[2021-04-19 16:42:48] [ordersCreate] Order already exists.
[2021-04-19 20:59:20] [ordersCreate] Order already exists.
[2021-04-21 14:10:44] [ordersCreate] Order already exists.
[2021-04-21 14:10:52] [ordersCreate] Order already exists.
[2021-04-21 14:12:44] [ordersCreate] Order already exists.
[2021-04-22 08:19:24] [ordersCreate] Order already exists.
[2021-04-23 07:07:52] [ordersCreate] Order already exists.
[2021-04-23 07:08:09] [ordersCreate] Order already exists.
[2021-04-24 05:45:01] [ordersCreate] Order already exists.
[2021-04-24 07:49:30] [ordersCreate] Order already exists.
[2021-04-24 11:52:22] [ordersCreate] Order already exists.
[2021-04-25 06:40:47] [ordersCreate] Order already exists.
[2021-04-25 12:16:16] [ordersCreate] Order already exists.
[2021-04-25 12:17:09] [ordersCreate] Order already exists.
[2021-04-25 12:36:58] [ordersCreate] Order already exists.
[2021-04-25 13:22:59] [ordersCreate] Order already exists.
[2021-04-25 14:30:24] [ordersCreate] Order already exists.
[2021-04-26 05:55:42] [ordersCreate] Order already exists.
[2021-04-26 06:46:50] [ordersCreate] Order already exists.
[2021-04-26 11:12:36] [ordersCreate] Order already exists.
[2021-04-26 12:57:29] [ordersCreate] Order already exists.
[2021-04-26 12:57:54] [ordersCreate] Order already exists.
[2021-04-26 12:58:10] [ordersCreate] Order already exists.
[2021-04-26 15:22:28] [ordersCreate] Order already exists.
[2021-04-27 01:01:54] [ordersCreate] Order already exists.
[2021-04-27 07:00:08] [ordersCreate] Order already exists.
[2021-04-27 07:28:27] [ordersCreate] Order already exists.
[2021-04-27 14:52:55] [ordersCreate] Order already exists.
[2021-04-28 16:24:59] [ordersCreate] Order already exists.
[2021-04-29 12:39:56] [customersCreate] Customer is not loaded
[2021-04-29 12:39:56] Invalid e-mail format
[2021-04-29 12:39:56] [ordersCreate] Order is not loaded
[2021-04-29 12:39:56] Invalid e-mail format
[2021-04-29 12:40:08] [customersCreate] Customer is not loaded
[2021-04-29 12:40:08] Invalid e-mail format
[2021-04-29 12:40:08] [ordersEdit] Not found
[2021-04-29 13:39:41] [customersCreate] Customer is not loaded
[2021-04-29 13:39:41] Invalid e-mail format
[2021-04-29 13:39:41] [ordersCreate] Order is not loaded
[2021-04-29 13:39:41] Invalid e-mail format
[2021-04-29 13:40:13] [customersCreate] Customer is not loaded
[2021-04-29 13:40:13] Invalid e-mail format
[2021-04-29 13:40:13] [ordersCreate] Order is not loaded
[2021-04-29 13:40:13] Invalid e-mail format
[2021-04-29 13:40:15] [customersCreate] Customer is not loaded
[2021-04-29 13:40:15] Invalid e-mail format
[2021-04-29 13:40:16] [ordersEdit] Not found
[2021-04-29 14:02:24] [customersCreate] Customer is not loaded
[2021-04-29 14:02:24] Invalid e-mail format
[2021-04-29 14:02:24] [ordersCreate] Order is not loaded
[2021-04-29 14:02:24] Invalid e-mail format
[2021-04-29 14:02:50] [customersCreate] Customer is not loaded
[2021-04-29 14:02:50] Invalid e-mail format
[2021-04-29 14:02:51] [ordersCreate] Order is not loaded
[2021-04-29 14:02:51] Invalid e-mail format
[2021-04-29 14:03:48] [ordersEdit] Not found
[2021-04-29 14:05:21] [ordersEdit] Not found
[2021-04-30 15:37:57] [ordersCreate] Order already exists.
[2021-05-02 13:15:38] [ordersCreate] Order already exists.
[2021-05-02 15:46:14] [ordersCreate] Order already exists.
[2021-05-02 15:46:51] [ordersCreate] Order already exists.
[2021-05-03 06:21:31] [ordersCreate] Order already exists.
[2021-05-03 09:31:16] [ordersCreate] Order already exists.
[2021-05-03 09:31:18] [ordersCreate] Order already exists.
[2021-05-03 09:31:24] [ordersCreate] Order already exists.
[2021-05-03 09:32:07] [ordersCreate] Order already exists.
[2021-05-03 09:32:39] [ordersCreate] Order already exists.
[2021-05-03 12:31:10] [ordersCreate] Order already exists.
[2021-05-03 12:37:18] [ordersCreate] Order already exists.
[2021-05-04 09:10:45] [ordersCreate] Order already exists.
[2021-05-04 19:46:42] [ordersCreate] Order already exists.
[2021-05-05 11:12:44] [ordersCreate] Order already exists.
[2021-05-08 07:22:34] [ordersCreate] Order already exists.
[2021-05-09 04:51:44] [ordersCreate] Order already exists.
[2021-05-09 09:49:29] [ordersCreate] Order already exists.
[2021-05-09 09:50:16] [ordersCreate] Order already exists.
[2021-05-09 10:17:08] [ordersCreate] Order already exists.
[2021-05-09 17:58:27] [ordersCreate] Order already exists.
[2021-05-09 18:03:32] [ordersCreate] Order already exists.
[2021-05-10 11:32:08] [ordersCreate] Order already exists.
[2021-05-11 11:23:57] [ordersCreate] Order already exists.
[2021-05-12 07:22:27] [ordersCreate] Order already exists.
[2021-05-12 07:22:39] [ordersCreate] Order already exists.
[2021-05-14 06:18:01] [ordersCreate] Order already exists.
[2021-05-14 13:49:27] [customersCreate] Customer is not loaded
[2021-05-14 13:49:27] Invalid e-mail format
[2021-05-14 13:49:27] [ordersCreate] Order is not loaded
[2021-05-14 13:49:27] Invalid e-mail format
[2021-05-16 08:19:03] [ordersCreate] Order already exists.
[2021-05-18 08:21:32] [ordersCreate] Order already exists.
[2021-05-18 19:39:49] [ordersCreate] Order already exists.
[2021-05-19 19:43:22] [ordersCreate] Order already exists.
[2021-05-19 19:44:11] [ordersCreate] Order already exists.
[2021-05-21 10:57:06] [ordersCreate] Order already exists.
[2021-05-22 07:07:11] [ordersCreate] Order already exists.
[2021-05-22 21:50:54] [ordersCreate] Order already exists.
[2021-05-22 21:55:17] [ordersCreate] Order already exists.
[2021-05-22 21:56:57] [ordersCreate] Order already exists.
[2021-05-22 21:57:44] [ordersCreate] Order already exists.
[2021-05-24 10:11:12] [ordersCreate] Order already exists.
[2021-05-25 18:35:23] [ordersCreate] Order already exists.
[2021-05-25 19:17:39] [ordersCreate] Order already exists.
[2021-05-27 08:05:44] [ordersCreate] Order already exists.
[2021-05-30 19:17:08] [ordersCreate] Order already exists.
[2021-06-04 07:35:43] [ordersCreate] Order already exists.
[2021-06-05 20:42:04] [ordersCreate] Order already exists.
[2021-06-05 20:42:42] [ordersCreate] Order already exists.
[2021-06-06 12:42:40] [ordersCreate] Order already exists.
[2021-06-06 15:20:19] [ordersCreate] Order already exists.
[2021-06-06 21:38:01] [ordersCreate] Order already exists.
[2021-06-07 06:55:07] [ordersCreate] Order already exists.
[2021-06-07 14:58:14] [ordersCreate] Order already exists.
[2021-06-08 12:33:44] [ordersCreate] Order already exists.
[2021-06-09 16:39:51] [customersCreate] Customer is not loaded
[2021-06-09 16:39:51] Invalid e-mail format
[2021-06-09 16:39:51] [ordersCreate] Order is not loaded
[2021-06-09 16:39:51] Invalid e-mail format
[2021-06-09 17:00:21] [customersCreate] Customer is not loaded
[2021-06-09 17:00:21] Invalid e-mail format
[2021-06-09 17:00:21] [ordersCreate] Order is not loaded
[2021-06-09 17:00:21] Invalid e-mail format
[2021-06-09 17:00:23] [customersCreate] Customer is not loaded
[2021-06-09 17:00:23] Invalid e-mail format
[2021-06-09 17:00:23] [ordersEdit] Not found
[2021-06-10 07:47:52] [customersCreate] Customer is not loaded
[2021-06-10 07:47:52] Invalid e-mail format
[2021-06-10 07:47:52] [ordersCreate] Order is not loaded
[2021-06-10 07:47:52] Invalid e-mail format
[2021-06-10 07:48:35] [customersCreate] Customer is not loaded
[2021-06-10 07:48:35] Invalid e-mail format
[2021-06-10 07:48:35] [ordersEdit] Not found
[2021-06-10 07:48:57] [customersCreate] Customer is not loaded
[2021-06-10 07:48:57] Invalid e-mail format
[2021-06-10 07:48:58] [ordersCreate] Order is not loaded
[2021-06-10 07:48:58] Invalid e-mail format
[2021-06-10 07:49:30] [ordersEdit] Not found
[2021-06-10 09:33:23] [ordersCreate] Order already exists.
[2021-06-10 09:33:35] [ordersEdit] Order is not loaded
[2021-06-10 09:33:35] Cash payment sum must be equal to sum to pay in the order
[2021-06-11 09:40:53] [ordersCreate] Order already exists.
[2021-06-13 15:07:06] [ordersCreate] Order already exists.
[2021-06-16 10:08:22] [ordersCreate] Order already exists.
[2021-06-26 16:19:58] [ordersCreate] Order already exists.
[2021-06-26 16:20:11] [ordersCreate] Order already exists.
[2021-07-04 15:55:28] [ordersCreate] Order already exists.
[2021-07-08 13:16:42] [ordersCreate] Order already exists.
[2021-07-16 14:44:58] [ordersCreate] Order already exists.
[2021-07-28 10:04:53] [ordersCreate] Order already exists.
[2021-07-28 10:52:43] [ordersCreate] Order already exists.
[2021-07-28 11:30:14] [ordersCreate] Order already exists.
[2021-07-29 11:02:03] [ordersCreate] Order already exists.
[2021-07-29 11:10:30] [ordersCreate] Order already exists.
[2021-07-29 13:38:41] [customersCreate] Customer already exists
[2021-07-29 13:38:41] [ordersCreate] Order already exists.
[2021-07-29 13:39:09] [ordersCreate] Order already exists.
[2021-07-29 13:44:03] [ordersCreate] Order already exists.
[2021-07-29 14:34:07] [customersCreate] Could not resolve host: spez-gost2.retailcrm.ru; Unknown error
[2021-07-29 14:35:35] [ordersCreate] Order already exists.
[2021-07-29 14:35:47] [ordersCreate] Could not resolve host: spez-gost2.retailcrm.ru; Unknown error
[2021-07-29 14:36:52] [customersList] Could not resolve host: spez-gost2.retailcrm.ru; Unknown error
[2021-07-29 14:37:34] [customersList] Could not resolve host: spez-gost2.retailcrm.ru; Unknown error
[2021-07-29 14:39:29] [ordersCreate] Order already exists.
[2021-07-29 14:44:13] [ordersCreate] Order already exists.
[2021-07-29 14:44:16] [ordersCreate] Order already exists.
[2021-07-29 14:44:19] [ordersCreate] Order already exists.
[2021-07-30 05:41:33] [ordersCreate] Order already exists.
[2021-07-30 06:54:06] [ordersCreate] Order already exists.
[2021-07-30 06:54:18] [ordersCreate] Order already exists.
[2021-07-30 06:54:21] [ordersCreate] Order already exists.
[2021-07-30 06:57:30] [ordersCreate] Order already exists.
[2021-07-30 06:57:37] [ordersCreate] Order already exists.
[2021-07-30 06:57:39] [ordersCreate] Order already exists.
